<?xml version="1.0" encoding="UTF-8"?>
<testng-results skipped="0" failed="0" ignored="0" total="1" passed="1">
  <reporter-output>
  </reporter-output>
  <suite name="Default suite" duration-ms="8362" started-at="2018-07-28T04:34:05Z" finished-at="2018-07-28T04:34:13Z">
    <groups>
    </groups>
    <test name="Default test" duration-ms="8362" started-at="2018-07-28T04:34:05Z" finished-at="2018-07-28T04:34:13Z">
      <class name="selenium.design.pagefactory.TestCase">
        <test-method status="PASS" signature="check_valid_user()[pri:0, instance:selenium.design.pagefactory.TestCase@3f4d3d]" name="check_valid_user" duration-ms="8295" started-at="2018-07-28T04:34:05Z" finished-at="2018-07-28T04:34:13Z">
          <reporter-output>
          </reporter-output>
        </test-method> <!-- check_valid_user -->
      </class> <!-- selenium.design.pagefactory.TestCase -->
    </test> <!-- Default test -->
  </suite> <!-- Default suite -->
</testng-results>
